ares http main Ares now running at <http://127.0.0.1:9009/ide/index.html>
ares http home opt: { level: 'http',
ares http home   pathname: '/files',
ares http home   port: 0,
ares http home   root: 'C:\\Users\\johnm',
ares http home   timeout: 120000,
ares http home   argv: 
ares http home    { remain: [],
ares http home      cooked: 
ares http home       [ '--level',
ares http home         'http',
ares http home         '--pathname',
ares http home         '/files',
ares http home         '--port',
ares http home         '0',
ares http home         '--root',
ares http home         'C:\\Users\\johnm',
ares http home         '--timeout',
ares http home         '120000' ],
ares http home      original: 
ares http home       [ '--level',
ares http home         'http',
ares http home         '--pathname',
ares http home         '/files',
ares http home         '--port',
ares http home         '0',
ares http home         '--root',
ares http home         'C:\\Users\\johnm',
ares http home         '--timeout',
ares http home         '120000' ] } }
ares http home 
ares http true image Dir opt: { level: 'http',
ares http true image Dir   pathname: '/files',
ares http true image Dir   port: 0,
ares http true image Dir   root: 'C:\\Users\\johnm\\Sync',
ares http true image Dir   argv: 
ares http true image Dir    { remain: [],
ares http true image Dir      cooked: 
ares http true image Dir       [ '--level',
ares http true image Dir         'http',
ares http true image Dir         '--pathname',
ares http true image Dir         '/files',
ares http true image Dir         '--port',
ares http true image Dir         '0',
ares http true image Dir         '--root',
ares http true image Dir         'C:\\Users\\johnm\\Sync' ],
ares http true image Dir      original: 
ares http true image Dir       [ '--level',
ares http true image Dir         'http',
ares http true image Dir         '--pathname',
ares http true image Dir         '/files',
ares http true image Dir         '--port',
ares http true image Dir         '0',
ares http true image Dir         '--root',
ares http true image Dir         'C:\\Users\\johnm\\Sync' ] },
ares http true image Dir   timeout: 120000 }
ares http true image Dir 
ares http Box opt: { level: 'http',
ares http Box   pathname: '/files',
ares http Box   port: 0,
ares http Box   root: 'C:\\Users\\johnm\\Documents\\My Box Files\\Default Sync Folder',
ares http Box   argv: 
ares http Box    { remain: [],
ares http Box      cooked: 
ares http Box       [ '--level',
ares http Box         'http',
ares http Box         '--pathname',
ares http Box         '/files',
ares http Box         '--port',
ares http Box         '0',
ares http Box         '--root',
ares http Box         'C:\\Users\\johnm\\Documents\\My Box Files\\Default Sync Folder\\' ],
ares http Box      original: 
ares http Box       [ '--level',
ares http Box         'http',
ares http Box         '--pathname',
ares http Box         '/files',
ares http Box         '--port',
ares http Box         '0',
ares http Box         '--root',
ares http Box         'C:\\Users\\johnm\\Documents\\My Box Files\\Default Sync Folder\\' ] },
ares http Box   timeout: 120000 }
ares http Box 
ares http Google Drive opt: { level: 'http',
ares http Google Drive   pathname: '/files',
ares http Google Drive   port: 0,
ares http Google Drive   root: 'C:\\Users\\johnm\\Google Drive',
ares http Google Drive   argv: 
ares http Google Drive    { remain: [],
ares http Google Drive      cooked: 
ares http Google Drive       [ '--level',
ares http Google Drive         'http',
ares http Google Drive         '--pathname',
ares http Google Drive         '/files',
ares http Google Drive         '--port',
ares http Google Drive         '0',
ares http Google Drive         '--root',
ares http Google Drive         'C:\\Users\\johnm\\Google Drive' ],
ares http Google Drive      original: 
ares http Google Drive       [ '--level',
ares http Google Drive         'http',
ares http Google Drive         '--pathname',
ares http Google Drive         '/files',
ares http Google Drive         '--port',
ares http Google Drive         '0',
ares http Google Drive         '--root',
ares http Google Drive         'C:\\Users\\johnm\\Google Drive' ] },
ares http Google Drive   timeout: 120000 }
ares http Google Drive 
ares http home POST /config
ares http true image Dir POST /config
ares http Box POST /config
ares http home POST /config 200
ares http true image Dir POST /config 200
ares http home [90mPOST /config [32m200 [90m23ms[0m
ares http home 
ares http true image Dir [90mPOST /config [32m200 [90m22ms[0m
ares http true image Dir 
ares http Box POST /config 200
ares http Box [90mPOST /config [32m200 [90m31ms[0m
ares http Box 
ares http Google Drive POST /config
ares http Google Drive POST /config 200
ares http Google Drive [90mPOST /config [32m200 [90m23ms[0m
ares http Google Drive 
ares http phonegap POST /config
ares http phonegap POST /config 200
ares http phonegap [90mPOST /config [32m200 [90m30ms[0m
ares http phonegap 
ares http one Drive opt: { level: 'http',
ares http one Drive   pathname: '/files',
ares http one Drive   port: 0,
ares http one Drive   root: 'C:\\Users\\johnm\\OneDrive',
ares http one Drive   argv: 
ares http one Drive    { remain: [],
ares http one Drive      cooked: 
ares http one Drive       [ '--level',
ares http one Drive         'http',
ares http one Drive         '--pathname',
ares http one Drive         '/files',
ares http one Drive         '--port',
ares http one Drive         '0',
ares http one Drive         '--root',
ares http one Drive         'C:\\Users\\johnm\\OneDrive' ],
ares http one Drive      original: 
ares http one Drive       [ '--level',
ares http one Drive         'http',
ares http one Drive         '--pathname',
ares http one Drive         '/files',
ares http one Drive         '--port',
ares http one Drive         '0',
ares http one Drive         '--root',
ares http one Drive         'C:\\Users\\johnm\\OneDrive' ] },
ares http one Drive   timeout: 120000 }
ares http one Drive 
ares http genZip POST /config
ares http genZip POST /config 200
ares http genZip [90mPOST /config [32m200 [90m28ms[0m
ares http genZip 
ares http one Drive POST /config
ares http one Drive POST /config 200
ares http one Drive [90mPOST /config [32m200 [90m12ms[0m
ares http one Drive 
ares